<?xml version="1.0" encoding="UTF-8"?>
<testng-results ignored="0" total="1" passed="1" failed="0" skipped="0">
  <reporter-output>
  </reporter-output>
  <suite started-at="2025-09-21T08:15:07 IST" name="Suite" finished-at="2025-09-21T08:15:07 IST" duration-ms="43">
    <groups>
    </groups>
    <test started-at="2025-09-21T08:15:07 IST" name="Test" finished-at="2025-09-21T08:15:07 IST" duration-ms="43">
      <class name="Practice43Day.Annotations">
        <test-method is-config="true" signature="beforesuite()[pri:0, instance:Practice43Day.Annotations@49438269]" started-at="2025-09-21T08:15:07 IST" name="beforesuite" finished-at="2025-09-21T08:15:07 IST" duration-ms="7" status="PASS">
          <reporter-output>
          </reporter-output>
        </test-method> <!-- beforesuite -->
        <test-method is-config="true" signature="beforetest()[pri:0, instance:Practice43Day.Annotations@49438269]" started-at="2025-09-21T08:15:07 IST" name="beforetest" finished-at="2025-09-21T08:15:07 IST" duration-ms="1" status="PASS">
          <reporter-output>
          </reporter-output>
        </test-method> <!-- beforetest -->
        <test-method is-config="true" signature="beforeclass()[pri:0, instance:Practice43Day.Annotations@49438269]" started-at="2025-09-21T08:15:07 IST" name="beforeclass" finished-at="2025-09-21T08:15:07 IST" duration-ms="0" status="PASS">
          <reporter-output>
          </reporter-output>
        </test-method> <!-- beforeclass -->
        <test-method is-config="true" signature="beformethod()[pri:0, instance:Practice43Day.Annotations@49438269]" started-at="2025-09-21T08:15:07 IST" name="beformethod" finished-at="2025-09-21T08:15:07 IST" duration-ms="1" status="PASS">
          <reporter-output>
          </reporter-output>
        </test-method> <!-- beformethod -->
        <test-method signature="m1()[pri:1, instance:Practice43Day.Annotations@49438269]" started-at="2025-09-21T08:15:07 IST" name="m1" finished-at="2025-09-21T08:15:07 IST" duration-ms="5" status="PASS">
          <reporter-output>
          </reporter-output>
        </test-method> <!-- m1 -->
        <test-method is-config="true" signature="afterMethod()[pri:0, instance:Practice43Day.Annotations@49438269]" started-at="2025-09-21T08:15:07 IST" name="afterMethod" finished-at="2025-09-21T08:15:07 IST" duration-ms="0" status="PASS">
          <reporter-output>
          </reporter-output>
        </test-method> <!-- afterMethod -->
        <test-method is-config="true" signature="afterclass()[pri:0, instance:Practice43Day.Annotations@49438269]" started-at="2025-09-21T08:15:07 IST" name="afterclass" finished-at="2025-09-21T08:15:07 IST" duration-ms="0" status="PASS">
          <reporter-output>
          </reporter-output>
        </test-method> <!-- afterclass -->
        <test-method is-config="true" signature="aftertest()[pri:0, instance:Practice43Day.Annotations@49438269]" started-at="2025-09-21T08:15:07 IST" name="aftertest" finished-at="2025-09-21T08:15:07 IST" duration-ms="1" status="PASS">
          <reporter-output>
          </reporter-output>
        </test-method> <!-- aftertest -->
        <test-method is-config="true" signature="aftersuite()[pri:0, instance:Practice43Day.Annotations@49438269]" started-at="2025-09-21T08:15:07 IST" name="aftersuite" finished-at="2025-09-21T08:15:07 IST" duration-ms="1" status="PASS">
          <reporter-output>
          </reporter-output>
        </test-method> <!-- aftersuite -->
      </class> <!-- Practice43Day.Annotations -->
    </test> <!-- Test -->
  </suite> <!-- Suite -->
</testng-results>
