<?xml version="1.0" encoding="UTF-8"?>
<!-- Generated by org.testng.reporters.JUnitReportReporter -->
<testsuite hostname="del1-lhp-n82190" failures="0" tests="3" name="day42testNG.FirstTestcase" time="0.015" errors="0" timestamp="2025-09-17T10:26:29 IST" skipped="0">
  <testcase classname="day42testNG.FirstTestcase" name="openapp" time="0.012"/>
  <testcase classname="day42testNG.FirstTestcase" name="login" time="0.001"/>
  <testcase classname="day42testNG.FirstTestcase" name="logout" time="0.002"/>
</testsuite> <!-- day42testNG.FirstTestcase -->
